[2026-02-09T08:24:22.125997921] [ERROR] [TestSource] Test error message
[2026-02-09T08:24:22.155332863] [ERROR] [InputValidation] Input cannot be empty
[2026-02-09T08:24:22.177868415] [INFO] [Test] Test message
[2026-02-09T08:24:22.178387576] [WARN] [Test] Warning message
[2026-02-09T08:24:22.179741485] [ERROR] [Test] Error message
[2026-02-09T08:24:38.716622548] [ERROR] [TestSource] Test error message
[2026-02-09T08:24:38.740950452] [ERROR] [InputValidation] Input cannot be empty
[2026-02-09T08:24:38.75574803] [INFO] [Test] Test message
[2026-02-09T08:24:38.757048282] [WARN] [Test] Warning message
[2026-02-09T08:24:38.761355926] [ERROR] [Test] Error message
[2026-02-09T08:24:56.828401689] [ERROR] [TestSource] Test error message
[2026-02-09T08:24:56.844053378] [ERROR] [InputValidation] Input cannot be empty
[2026-02-09T08:24:56.862589022] [INFO] [Test] Test message
[2026-02-09T08:24:56.864418953] [WARN] [Test] Warning message
[2026-02-09T08:24:56.870435173] [ERROR] [Test] Error message
[2026-02-09T08:25:24.08210202] [ERROR] [TestSource] Test error message
[2026-02-09T08:25:24.10754912] [ERROR] [InputValidation] Input cannot be empty
[2026-02-09T08:25:24.131800746] [INFO] [Test] Test message
[2026-02-09T08:25:24.133042015] [WARN] [Test] Warning message
[2026-02-09T08:25:24.133622256] [ERROR] [Test] Error message
[2026-02-09T08:38:36.771313997] [ERROR] [TestSource] Test error message
[2026-02-09T08:38:36.824304087] [INFO] [Test] Test message
[2026-02-09T08:38:36.829362649] [WARN] [Test] Warning message
[2026-02-09T08:38:36.829851284] [ERROR] [Test] Error message
[2026-02-09T11:43:31.707620288] [ERROR] [TestSource] Test error message
[2026-02-09T11:43:31.775276955] [INFO] [Test] Test message
[2026-02-09T11:43:31.776354536] [WARN] [Test] Warning message
[2026-02-09T11:43:31.777315703] [ERROR] [Test] Error message
[2026-02-09T11:52:36.721204284] [ERROR] [TestSource] Test error message
[2026-02-09T11:52:36.801228782] [INFO] [Test] Test message
[2026-02-09T11:52:36.804178568] [WARN] [Test] Warning message
[2026-02-09T11:52:36.812158482] [ERROR] [Test] Error message
[2026-02-09T11:53:48.887962592] [ERROR] [TestSource] Test error message
[2026-02-09T11:53:48.905537049] [INFO] [Test] Test message
[2026-02-09T11:53:48.906326118] [WARN] [Test] Warning message
[2026-02-09T11:53:48.907148751] [ERROR] [Test] Error message
[2026-02-09T12:04:55.497017393] [ERROR] [TestSource] Test error message
[2026-02-09T12:04:55.525924314] [INFO] [Test] Test message
[2026-02-09T12:04:55.52643676] [WARN] [Test] Warning message
[2026-02-09T12:04:55.526722168] [ERROR] [Test] Error message
[2026-02-09T12:05:48.634449146] [ERROR] [TestSource] Test error message
[2026-02-09T12:05:48.652149243] [INFO] [Test] Test message
[2026-02-09T12:05:48.652553917] [WARN] [Test] Warning message
[2026-02-09T12:05:48.652796859] [ERROR] [Test] Error message
[2026-02-09T12:24:32.399252753] [ERROR] [TestSource] Test error message
[2026-02-09T12:24:32.425364044] [INFO] [Test] Test message
[2026-02-09T12:24:32.427499027] [WARN] [Test] Warning message
[2026-02-09T12:24:32.431333417] [ERROR] [Test] Error message
[2026-02-09T12:33:14.264219395] [ERROR] [TestSource] Test error message
[2026-02-09T12:33:14.295373398] [INFO] [Test] Test message
[2026-02-09T12:33:14.296446002] [WARN] [Test] Warning message
[2026-02-09T12:33:14.297222083] [ERROR] [Test] Error message
[2026-02-09T12:36:12.853929913] [ERROR] [TestSource] Test error message
[2026-02-09T12:36:12.937424969] [INFO] [Test] Test message
[2026-02-09T12:36:12.938039803] [WARN] [Test] Warning message
[2026-02-09T12:36:12.940522839] [ERROR] [Test] Error message
[2026-02-09T12:40:33.665637003] [ERROR] [TestSource] Test error message
[2026-02-09T12:40:33.689975029] [INFO] [Test] Test message
[2026-02-09T12:40:33.691915989] [WARN] [Test] Warning message
[2026-02-09T12:40:33.693258899] [ERROR] [Test] Error message
[2026-02-09T12:49:50.039220073] [ERROR] [TestSource] Test error message
[2026-02-09T12:49:50.073871227] [INFO] [Test] Test message
[2026-02-09T12:49:50.074368525] [WARN] [Test] Warning message
[2026-02-09T12:49:50.075137141] [ERROR] [Test] Error message
[2026-02-09T13:01:00.97420148] [ERROR] [TestSource] Test error message
[2026-02-09T13:01:01.011549756] [INFO] [Test] Test message
[2026-02-09T13:01:01.013075198] [WARN] [Test] Warning message
[2026-02-09T13:01:01.014630777] [ERROR] [Test] Error message
[2026-02-09T13:02:30.130120017] [ERROR] [TestSource] Test error message
[2026-02-09T13:02:30.186170512] [INFO] [Test] Test message
[2026-02-09T13:02:30.193014377] [WARN] [Test] Warning message
[2026-02-09T13:02:30.193509998] [ERROR] [Test] Error message
[2026-02-09T13:03:52.531577986] [ERROR] [TestSource] Test error message
[2026-02-09T13:03:52.542076578] [INFO] [Test] Test message
[2026-02-09T13:03:52.542616123] [WARN] [Test] Warning message
[2026-02-09T13:03:52.543021924] [ERROR] [Test] Error message
[2026-02-09T13:04:05.089860521] [ERROR] [TestSource] Test error message
[2026-02-09T13:04:05.120261836] [INFO] [Test] Test message
[2026-02-09T13:04:05.121218792] [WARN] [Test] Warning message
[2026-02-09T13:04:05.121923096] [ERROR] [Test] Error message
[2026-02-09T13:04:12.426904927] [ERROR] [TestSource] Test error message
[2026-02-09T13:04:12.449935476] [INFO] [Test] Test message
[2026-02-09T13:04:12.451447097] [WARN] [Test] Warning message
[2026-02-09T13:04:12.452357951] [ERROR] [Test] Error message
[2026-02-09T13:04:18.558259933] [ERROR] [TestSource] Test error message
[2026-02-09T13:04:18.604256806] [INFO] [Test] Test message
[2026-02-09T13:04:18.612873207] [WARN] [Test] Warning message
[2026-02-09T13:04:18.614034696] [ERROR] [Test] Error message
[2026-02-09T13:05:38.85369855] [ERROR] [TestSource] Test error message
[2026-02-09T13:05:38.899908003] [INFO] [Test] Test message
[2026-02-09T13:05:38.902905392] [WARN] [Test] Warning message
[2026-02-09T13:05:38.903811055] [ERROR] [Test] Error message
